{"/Users/adam/Development/cards/card-sharp/main.mjs": {"path":"/Users/adam/Development/cards/card-sharp/main.mjs","all":false,"statementMap":{"0":{"start":{"line":1,"column":0},"end":{"line":1,"column":3}},"1":{"start":{"line":2,"column":0},"end":{"line":2,"column":26}},"2":{"start":{"line":3,"column":0},"end":{"line":3,"column":2}},"3":{"start":{"line":4,"column":0},"end":{"line":4,"column":51}},"4":{"start":{"line":5,"column":0},"end":{"line":5,"column":2}},"5":{"start":{"line":6,"column":0},"end":{"line":6,"column":22}},"6":{"start":{"line":7,"column":0},"end":{"line":7,"column":2}},"7":{"start":{"line":8,"column":0},"end":{"line":8,"column":25}},"8":{"start":{"line":9,"column":0},"end":{"line":9,"column":33}},"9":{"start":{"line":10,"column":0},"end":{"line":10,"column":33}},"10":{"start":{"line":11,"column":0},"end":{"line":11,"column":3}},"11":{"start":{"line":12,"column":0},"end":{"line":12,"column":0}},"12":{"start":{"line":13,"column":0},"end":{"line":13,"column":36}},"13":{"start":{"line":14,"column":0},"end":{"line":14,"column":39}},"14":{"start":{"line":15,"column":0},"end":{"line":15,"column":39}},"15":{"start":{"line":16,"column":0},"end":{"line":16,"column":53}},"16":{"start":{"line":17,"column":0},"end":{"line":17,"column":60}},"17":{"start":{"line":18,"column":0},"end":{"line":18,"column":0}},"18":{"start":{"line":19,"column":0},"end":{"line":19,"column":87}},"19":{"start":{"line":20,"column":0},"end":{"line":20,"column":41}},"20":{"start":{"line":21,"column":0},"end":{"line":21,"column":0}},"21":{"start":{"line":22,"column":0},"end":{"line":22,"column":31}},"22":{"start":{"line":23,"column":0},"end":{"line":23,"column":52}},"23":{"start":{"line":24,"column":0},"end":{"line":24,"column":43}},"24":{"start":{"line":25,"column":0},"end":{"line":25,"column":0}},"25":{"start":{"line":26,"column":0},"end":{"line":26,"column":27}},"26":{"start":{"line":27,"column":0},"end":{"line":27,"column":22}},"27":{"start":{"line":28,"column":0},"end":{"line":28,"column":0}},"28":{"start":{"line":29,"column":0},"end":{"line":29,"column":36}},"29":{"start":{"line":30,"column":0},"end":{"line":30,"column":20}}},"s":{"0":1,"1":1,"2":1,"3":1,"4":1,"5":1,"6":1,"7":1,"8":1,"9":1,"10":1,"11":1,"12":1,"13":1,"14":1,"15":1,"16":1,"17":1,"18":1,"19":1,"20":1,"21":1,"22":1,"23":1,"24":1,"25":1,"26":1,"27":1,"28":1,"29":1},"branchMap":{"0":{"type":"branch","line":1,"loc":{"start":{"line":1,"column":0},"end":{"line":30,"column":20}},"locations":[{"start":{"line":1,"column":0},"end":{"line":30,"column":20}}]},"1":{"type":"branch","line":22,"loc":{"start":{"line":22,"column":0},"end":{"line":27,"column":1}},"locations":[{"start":{"line":22,"column":0},"end":{"line":27,"column":1}}]}},"b":{"0":[1],"1":[1]},"fnMap":{"0":{"name":"init","decl":{"start":{"line":22,"column":0},"end":{"line":27,"column":1}},"loc":{"start":{"line":22,"column":0},"end":{"line":27,"column":1}},"line":22}},"f":{"0":1}}
,"/Users/adam/Development/cards/card-sharp/lib/card.mjs": {"path":"/Users/adam/Development/cards/card-sharp/lib/card.mjs","all":false,"statementMap":{"0":{"start":{"line":1,"column":0},"end":{"line":1,"column":3}},"1":{"start":{"line":2,"column":0},"end":{"line":2,"column":15}},"2":{"start":{"line":3,"column":0},"end":{"line":3,"column":2}},"3":{"start":{"line":4,"column":0},"end":{"line":4,"column":51}},"4":{"start":{"line":5,"column":0},"end":{"line":5,"column":2}},"5":{"start":{"line":6,"column":0},"end":{"line":6,"column":31}},"6":{"start":{"line":7,"column":0},"end":{"line":7,"column":2}},"7":{"start":{"line":8,"column":0},"end":{"line":8,"column":20}},"8":{"start":{"line":9,"column":0},"end":{"line":9,"column":25}},"9":{"start":{"line":10,"column":0},"end":{"line":10,"column":25}},"10":{"start":{"line":11,"column":0},"end":{"line":11,"column":3}},"11":{"start":{"line":12,"column":0},"end":{"line":12,"column":0}},"12":{"start":{"line":13,"column":0},"end":{"line":13,"column":42}},"13":{"start":{"line":14,"column":0},"end":{"line":14,"column":47}},"14":{"start":{"line":15,"column":0},"end":{"line":15,"column":47}},"15":{"start":{"line":16,"column":0},"end":{"line":16,"column":73}},"16":{"start":{"line":17,"column":0},"end":{"line":17,"column":73}},"17":{"start":{"line":18,"column":0},"end":{"line":18,"column":0}},"18":{"start":{"line":19,"column":0},"end":{"line":19,"column":67}},"19":{"start":{"line":20,"column":0},"end":{"line":20,"column":0}},"20":{"start":{"line":21,"column":0},"end":{"line":21,"column":3}},"21":{"start":{"line":22,"column":0},"end":{"line":22,"column":14}},"22":{"start":{"line":23,"column":0},"end":{"line":23,"column":2}},"23":{"start":{"line":24,"column":0},"end":{"line":24,"column":39}},"24":{"start":{"line":25,"column":0},"end":{"line":25,"column":3}},"25":{"start":{"line":26,"column":0},"end":{"line":26,"column":12}},"26":{"start":{"line":27,"column":0},"end":{"line":27,"column":0}},"27":{"start":{"line":28,"column":0},"end":{"line":28,"column":7}},"28":{"start":{"line":29,"column":0},"end":{"line":29,"column":24}},"29":{"start":{"line":30,"column":0},"end":{"line":30,"column":6}},"30":{"start":{"line":31,"column":0},"end":{"line":31,"column":61}},"31":{"start":{"line":32,"column":0},"end":{"line":32,"column":7}},"32":{"start":{"line":33,"column":0},"end":{"line":33,"column":33}},"33":{"start":{"line":34,"column":0},"end":{"line":34,"column":55}},"34":{"start":{"line":35,"column":0},"end":{"line":35,"column":0}},"35":{"start":{"line":36,"column":0},"end":{"line":36,"column":37}},"36":{"start":{"line":37,"column":0},"end":{"line":37,"column":82}},"37":{"start":{"line":38,"column":0},"end":{"line":38,"column":30}},"38":{"start":{"line":39,"column":0},"end":{"line":39,"column":0}},"39":{"start":{"line":40,"column":0},"end":{"line":40,"column":37}},"40":{"start":{"line":41,"column":0},"end":{"line":41,"column":82}},"41":{"start":{"line":42,"column":0},"end":{"line":42,"column":30}},"42":{"start":{"line":43,"column":0},"end":{"line":43,"column":0}},"43":{"start":{"line":44,"column":0},"end":{"line":44,"column":72}},"44":{"start":{"line":45,"column":0},"end":{"line":45,"column":22}},"45":{"start":{"line":46,"column":0},"end":{"line":46,"column":67}},"46":{"start":{"line":47,"column":0},"end":{"line":47,"column":44}},"47":{"start":{"line":48,"column":0},"end":{"line":48,"column":44}},"48":{"start":{"line":49,"column":0},"end":{"line":49,"column":44}},"49":{"start":{"line":50,"column":0},"end":{"line":50,"column":16}},"50":{"start":{"line":51,"column":0},"end":{"line":51,"column":27}},"51":{"start":{"line":52,"column":0},"end":{"line":52,"column":19}},"52":{"start":{"line":53,"column":0},"end":{"line":53,"column":0}},"53":{"start":{"line":54,"column":0},"end":{"line":54,"column":74}},"54":{"start":{"line":55,"column":0},"end":{"line":55,"column":24}},"55":{"start":{"line":56,"column":0},"end":{"line":56,"column":71}},"56":{"start":{"line":57,"column":0},"end":{"line":57,"column":48}},"57":{"start":{"line":58,"column":0},"end":{"line":58,"column":44}},"58":{"start":{"line":59,"column":0},"end":{"line":59,"column":50}},"59":{"start":{"line":60,"column":0},"end":{"line":60,"column":50}},"60":{"start":{"line":61,"column":0},"end":{"line":61,"column":0}},"61":{"start":{"line":62,"column":0},"end":{"line":62,"column":46}},"62":{"start":{"line":63,"column":0},"end":{"line":63,"column":16}},"63":{"start":{"line":64,"column":0},"end":{"line":64,"column":29}},"64":{"start":{"line":65,"column":0},"end":{"line":65,"column":19}},"65":{"start":{"line":66,"column":0},"end":{"line":66,"column":0}},"66":{"start":{"line":67,"column":0},"end":{"line":67,"column":34}},"67":{"start":{"line":68,"column":0},"end":{"line":68,"column":24}},"68":{"start":{"line":69,"column":0},"end":{"line":69,"column":129}},"69":{"start":{"line":70,"column":0},"end":{"line":70,"column":16}},"70":{"start":{"line":71,"column":0},"end":{"line":71,"column":36}},"71":{"start":{"line":72,"column":0},"end":{"line":72,"column":19}},"72":{"start":{"line":73,"column":0},"end":{"line":73,"column":0}},"73":{"start":{"line":74,"column":0},"end":{"line":74,"column":65}},"74":{"start":{"line":75,"column":0},"end":{"line":75,"column":28}},"75":{"start":{"line":76,"column":0},"end":{"line":76,"column":24}},"76":{"start":{"line":77,"column":0},"end":{"line":77,"column":0}},"77":{"start":{"line":78,"column":0},"end":{"line":78,"column":7}},"78":{"start":{"line":79,"column":0},"end":{"line":79,"column":32}},"79":{"start":{"line":80,"column":0},"end":{"line":80,"column":6}},"80":{"start":{"line":81,"column":0},"end":{"line":81,"column":36}},"81":{"start":{"line":82,"column":0},"end":{"line":82,"column":7}},"82":{"start":{"line":83,"column":0},"end":{"line":83,"column":16}},"83":{"start":{"line":84,"column":0},"end":{"line":84,"column":23}},"84":{"start":{"line":85,"column":0},"end":{"line":85,"column":28}},"85":{"start":{"line":86,"column":0},"end":{"line":86,"column":0}},"86":{"start":{"line":87,"column":0},"end":{"line":87,"column":7}},"87":{"start":{"line":88,"column":0},"end":{"line":88,"column":47}},"88":{"start":{"line":89,"column":0},"end":{"line":89,"column":6}},"89":{"start":{"line":90,"column":0},"end":{"line":90,"column":15}},"90":{"start":{"line":91,"column":0},"end":{"line":91,"column":6}},"91":{"start":{"line":92,"column":0},"end":{"line":92,"column":54}},"92":{"start":{"line":93,"column":0},"end":{"line":93,"column":6}},"93":{"start":{"line":94,"column":0},"end":{"line":94,"column":49}},"94":{"start":{"line":95,"column":0},"end":{"line":95,"column":7}},"95":{"start":{"line":96,"column":0},"end":{"line":96,"column":34}},"96":{"start":{"line":97,"column":0},"end":{"line":97,"column":116}},"97":{"start":{"line":98,"column":0},"end":{"line":98,"column":116}},"98":{"start":{"line":99,"column":0},"end":{"line":99,"column":0}},"99":{"start":{"line":100,"column":0},"end":{"line":100,"column":51}},"100":{"start":{"line":101,"column":0},"end":{"line":101,"column":31}},"101":{"start":{"line":102,"column":0},"end":{"line":102,"column":0}},"102":{"start":{"line":103,"column":0},"end":{"line":103,"column":19}},"103":{"start":{"line":104,"column":0},"end":{"line":104,"column":0}},"104":{"start":{"line":105,"column":0},"end":{"line":105,"column":20}}},"s":{"0":3,"1":3,"2":3,"3":3,"4":3,"5":3,"6":3,"7":3,"8":3,"9":3,"10":3,"11":3,"12":3,"13":3,"14":3,"15":3,"16":3,"17":3,"18":3,"19":3,"20":3,"21":3,"22":3,"23":3,"24":3,"25":3,"26":3,"27":3,"28":3,"29":3,"30":3,"31":3,"32":3,"33":115,"34":115,"35":115,"36":115,"37":115,"38":115,"39":115,"40":115,"41":115,"42":115,"43":115,"44":115,"45":2,"46":2,"47":115,"48":108,"49":110,"50":2,"51":115,"52":112,"53":112,"54":115,"55":2,"56":2,"57":115,"58":108,"59":108,"60":108,"61":108,"62":110,"63":2,"64":115,"65":112,"66":112,"67":115,"68":110,"69":115,"70":2,"71":115,"72":112,"73":112,"74":112,"75":3,"76":3,"77":3,"78":3,"79":3,"80":3,"81":3,"82":3,"83":1,"84":3,"85":3,"86":3,"87":3,"88":3,"89":3,"90":3,"91":3,"92":3,"93":3,"94":3,"95":3,"96":4,"97":4,"98":4,"99":4,"100":3,"101":3,"102":3,"103":3,"104":3},"branchMap":{"0":{"type":"branch","line":1,"loc":{"start":{"line":1,"column":0},"end":{"line":105,"column":20}},"locations":[{"start":{"line":1,"column":0},"end":{"line":105,"column":20}}]},"1":{"type":"branch","line":33,"loc":{"start":{"line":33,"column":4},"end":{"line":76,"column":5}},"locations":[{"start":{"line":33,"column":4},"end":{"line":76,"column":5}}]},"2":{"type":"branch","line":37,"loc":{"start":{"line":37,"column":34},"end":{"line":37,"column":58}},"locations":[{"start":{"line":37,"column":34},"end":{"line":37,"column":58}}]},"3":{"type":"branch","line":41,"loc":{"start":{"line":41,"column":34},"end":{"line":41,"column":58}},"locations":[{"start":{"line":41,"column":34},"end":{"line":41,"column":58}}]},"4":{"type":"branch","line":45,"loc":{"start":{"line":45,"column":21},"end":{"line":48,"column":9}},"locations":[{"start":{"line":45,"column":21},"end":{"line":48,"column":9}}]},"5":{"type":"branch","line":48,"loc":{"start":{"line":48,"column":9},"end":{"line":52,"column":9}},"locations":[{"start":{"line":48,"column":9},"end":{"line":52,"column":9}}]},"6":{"type":"branch","line":48,"loc":{"start":{"line":48,"column":29},"end":{"line":48,"column":41}},"locations":[{"start":{"line":48,"column":29},"end":{"line":48,"column":41}}]},"7":{"type":"branch","line":48,"loc":{"start":{"line":48,"column":43},"end":{"line":50,"column":9}},"locations":[{"start":{"line":48,"column":43},"end":{"line":50,"column":9}}]},"8":{"type":"branch","line":50,"loc":{"start":{"line":50,"column":9},"end":{"line":52,"column":9}},"locations":[{"start":{"line":50,"column":9},"end":{"line":52,"column":9}}]},"9":{"type":"branch","line":52,"loc":{"start":{"line":52,"column":9},"end":{"line":55,"column":23}},"locations":[{"start":{"line":52,"column":9},"end":{"line":55,"column":23}}]},"10":{"type":"branch","line":55,"loc":{"start":{"line":55,"column":23},"end":{"line":58,"column":9}},"locations":[{"start":{"line":55,"column":23},"end":{"line":58,"column":9}}]},"11":{"type":"branch","line":58,"loc":{"start":{"line":58,"column":9},"end":{"line":65,"column":9}},"locations":[{"start":{"line":58,"column":9},"end":{"line":65,"column":9}}]},"12":{"type":"branch","line":58,"loc":{"start":{"line":58,"column":29},"end":{"line":58,"column":41}},"locations":[{"start":{"line":58,"column":29},"end":{"line":58,"column":41}}]},"13":{"type":"branch","line":58,"loc":{"start":{"line":58,"column":43},"end":{"line":63,"column":9}},"locations":[{"start":{"line":58,"column":43},"end":{"line":63,"column":9}}]},"14":{"type":"branch","line":63,"loc":{"start":{"line":63,"column":9},"end":{"line":65,"column":9}},"locations":[{"start":{"line":63,"column":9},"end":{"line":65,"column":9}}]},"15":{"type":"branch","line":65,"loc":{"start":{"line":65,"column":9},"end":{"line":68,"column":23}},"locations":[{"start":{"line":65,"column":9},"end":{"line":68,"column":23}}]},"16":{"type":"branch","line":68,"loc":{"start":{"line":68,"column":23},"end":{"line":70,"column":9}},"locations":[{"start":{"line":68,"column":23},"end":{"line":70,"column":9}}]},"17":{"type":"branch","line":70,"loc":{"start":{"line":70,"column":9},"end":{"line":72,"column":9}},"locations":[{"start":{"line":70,"column":9},"end":{"line":72,"column":9}}]},"18":{"type":"branch","line":72,"loc":{"start":{"line":72,"column":9},"end":{"line":76,"column":4}},"locations":[{"start":{"line":72,"column":9},"end":{"line":76,"column":4}}]},"19":{"type":"branch","line":69,"loc":{"start":{"line":69,"column":60},"end":{"line":69,"column":127}},"locations":[{"start":{"line":69,"column":60},"end":{"line":69,"column":127}}]},"20":{"type":"branch","line":83,"loc":{"start":{"line":83,"column":4},"end":{"line":85,"column":5}},"locations":[{"start":{"line":83,"column":4},"end":{"line":85,"column":5}}]},"21":{"type":"branch","line":96,"loc":{"start":{"line":96,"column":11},"end":{"line":101,"column":5}},"locations":[{"start":{"line":96,"column":11},"end":{"line":101,"column":5}}]},"22":{"type":"branch","line":98,"loc":{"start":{"line":98,"column":27},"end":{"line":98,"column":60}},"locations":[{"start":{"line":98,"column":27},"end":{"line":98,"column":60}}]},"23":{"type":"branch","line":100,"loc":{"start":{"line":100,"column":25},"end":{"line":100,"column":49}},"locations":[{"start":{"line":100,"column":25},"end":{"line":100,"column":49}}]}},"b":{"0":[3],"1":[115],"2":[110],"3":[111],"4":[2],"5":[110],"6":[108],"7":[108],"8":[2],"9":[112],"10":[2],"11":[110],"12":[108],"13":[108],"14":[2],"15":[112],"16":[110],"17":[2],"18":[112],"19":[147],"20":[1],"21":[4],"22":[110],"23":[109]},"fnMap":{"0":{"name":"Card","decl":{"start":{"line":33,"column":4},"end":{"line":76,"column":5}},"loc":{"start":{"line":33,"column":4},"end":{"line":76,"column":5}},"line":33},"1":{"name":"toString","decl":{"start":{"line":83,"column":4},"end":{"line":85,"column":5}},"loc":{"start":{"line":83,"column":4},"end":{"line":85,"column":5}},"line":83},"2":{"name":"fromArray","decl":{"start":{"line":96,"column":11},"end":{"line":101,"column":5}},"loc":{"start":{"line":96,"column":11},"end":{"line":101,"column":5}},"line":96}},"f":{"0":115,"1":1,"2":4}}
,"/Users/adam/Development/cards/card-sharp/lib/deck.mjs": {"path":"/Users/adam/Development/cards/card-sharp/lib/deck.mjs","all":false,"statementMap":{"0":{"start":{"line":1,"column":0},"end":{"line":1,"column":3}},"1":{"start":{"line":2,"column":0},"end":{"line":2,"column":15}},"2":{"start":{"line":3,"column":0},"end":{"line":3,"column":2}},"3":{"start":{"line":4,"column":0},"end":{"line":4,"column":51}},"4":{"start":{"line":5,"column":0},"end":{"line":5,"column":2}},"5":{"start":{"line":6,"column":0},"end":{"line":6,"column":31}},"6":{"start":{"line":7,"column":0},"end":{"line":7,"column":2}},"7":{"start":{"line":8,"column":0},"end":{"line":8,"column":20}},"8":{"start":{"line":9,"column":0},"end":{"line":9,"column":33}},"9":{"start":{"line":10,"column":0},"end":{"line":10,"column":27}},"10":{"start":{"line":11,"column":0},"end":{"line":11,"column":3}},"11":{"start":{"line":12,"column":0},"end":{"line":12,"column":0}},"12":{"start":{"line":13,"column":0},"end":{"line":13,"column":41}},"13":{"start":{"line":14,"column":0},"end":{"line":14,"column":48}},"14":{"start":{"line":15,"column":0},"end":{"line":15,"column":45}},"15":{"start":{"line":16,"column":0},"end":{"line":16,"column":0}},"16":{"start":{"line":17,"column":0},"end":{"line":17,"column":3}},"17":{"start":{"line":18,"column":0},"end":{"line":18,"column":14}},"18":{"start":{"line":19,"column":0},"end":{"line":19,"column":2}},"19":{"start":{"line":20,"column":0},"end":{"line":20,"column":41}},"20":{"start":{"line":21,"column":0},"end":{"line":21,"column":3}},"21":{"start":{"line":22,"column":0},"end":{"line":22,"column":12}},"22":{"start":{"line":23,"column":0},"end":{"line":23,"column":0}},"23":{"start":{"line":24,"column":0},"end":{"line":24,"column":7}},"24":{"start":{"line":25,"column":0},"end":{"line":25,"column":24}},"25":{"start":{"line":26,"column":0},"end":{"line":26,"column":6}},"26":{"start":{"line":27,"column":0},"end":{"line":27,"column":57}},"27":{"start":{"line":28,"column":0},"end":{"line":28,"column":7}},"28":{"start":{"line":29,"column":0},"end":{"line":29,"column":29}},"29":{"start":{"line":30,"column":0},"end":{"line":30,"column":102}},"30":{"start":{"line":31,"column":0},"end":{"line":31,"column":101}},"31":{"start":{"line":32,"column":0},"end":{"line":32,"column":0}},"32":{"start":{"line":33,"column":0},"end":{"line":33,"column":37}},"33":{"start":{"line":34,"column":0},"end":{"line":34,"column":27}},"34":{"start":{"line":35,"column":0},"end":{"line":35,"column":0}},"35":{"start":{"line":36,"column":0},"end":{"line":36,"column":26}},"36":{"start":{"line":37,"column":0},"end":{"line":37,"column":24}},"37":{"start":{"line":38,"column":0},"end":{"line":38,"column":0}},"38":{"start":{"line":39,"column":0},"end":{"line":39,"column":7}},"39":{"start":{"line":40,"column":0},"end":{"line":40,"column":41}},"40":{"start":{"line":41,"column":0},"end":{"line":41,"column":6}},"41":{"start":{"line":42,"column":0},"end":{"line":42,"column":46}},"42":{"start":{"line":43,"column":0},"end":{"line":43,"column":6}},"43":{"start":{"line":44,"column":0},"end":{"line":44,"column":32}},"44":{"start":{"line":45,"column":0},"end":{"line":45,"column":7}},"45":{"start":{"line":46,"column":0},"end":{"line":46,"column":21}},"46":{"start":{"line":47,"column":0},"end":{"line":47,"column":92}},"47":{"start":{"line":48,"column":0},"end":{"line":48,"column":91}},"48":{"start":{"line":49,"column":0},"end":{"line":49,"column":0}},"49":{"start":{"line":50,"column":0},"end":{"line":50,"column":34}},"50":{"start":{"line":51,"column":0},"end":{"line":51,"column":0}},"51":{"start":{"line":52,"column":0},"end":{"line":52,"column":20}},"52":{"start":{"line":53,"column":0},"end":{"line":53,"column":23}},"53":{"start":{"line":54,"column":0},"end":{"line":54,"column":0}},"54":{"start":{"line":55,"column":0},"end":{"line":55,"column":7}},"55":{"start":{"line":56,"column":0},"end":{"line":56,"column":47}},"56":{"start":{"line":57,"column":0},"end":{"line":57,"column":6}},"57":{"start":{"line":58,"column":0},"end":{"line":58,"column":43}},"58":{"start":{"line":59,"column":0},"end":{"line":59,"column":6}},"59":{"start":{"line":60,"column":0},"end":{"line":60,"column":32}},"60":{"start":{"line":61,"column":0},"end":{"line":61,"column":7}},"61":{"start":{"line":62,"column":0},"end":{"line":62,"column":18}},"62":{"start":{"line":63,"column":0},"end":{"line":63,"column":32}},"63":{"start":{"line":64,"column":0},"end":{"line":64,"column":26}},"64":{"start":{"line":65,"column":0},"end":{"line":65,"column":0}},"65":{"start":{"line":66,"column":0},"end":{"line":66,"column":7}},"66":{"start":{"line":67,"column":0},"end":{"line":67,"column":50}},"67":{"start":{"line":68,"column":0},"end":{"line":68,"column":6}},"68":{"start":{"line":69,"column":0},"end":{"line":69,"column":77}},"69":{"start":{"line":70,"column":0},"end":{"line":70,"column":79}},"70":{"start":{"line":71,"column":0},"end":{"line":71,"column":42}},"71":{"start":{"line":72,"column":0},"end":{"line":72,"column":6}},"72":{"start":{"line":73,"column":0},"end":{"line":73,"column":80}},"73":{"start":{"line":74,"column":0},"end":{"line":74,"column":58}},"74":{"start":{"line":75,"column":0},"end":{"line":75,"column":6}},"75":{"start":{"line":76,"column":0},"end":{"line":76,"column":42}},"76":{"start":{"line":77,"column":0},"end":{"line":77,"column":6}},"77":{"start":{"line":78,"column":0},"end":{"line":78,"column":13}},"78":{"start":{"line":79,"column":0},"end":{"line":79,"column":60}},"79":{"start":{"line":80,"column":0},"end":{"line":80,"column":60}},"80":{"start":{"line":81,"column":0},"end":{"line":81,"column":60}},"81":{"start":{"line":82,"column":0},"end":{"line":82,"column":13}},"82":{"start":{"line":83,"column":0},"end":{"line":83,"column":6}},"83":{"start":{"line":84,"column":0},"end":{"line":84,"column":79}},"84":{"start":{"line":85,"column":0},"end":{"line":85,"column":72}},"85":{"start":{"line":86,"column":0},"end":{"line":86,"column":6}},"86":{"start":{"line":87,"column":0},"end":{"line":87,"column":61}},"87":{"start":{"line":88,"column":0},"end":{"line":88,"column":7}},"88":{"start":{"line":89,"column":0},"end":{"line":89,"column":42}},"89":{"start":{"line":90,"column":0},"end":{"line":90,"column":23}},"90":{"start":{"line":91,"column":0},"end":{"line":91,"column":0}},"91":{"start":{"line":92,"column":0},"end":{"line":92,"column":45}},"92":{"start":{"line":93,"column":0},"end":{"line":93,"column":51}},"93":{"start":{"line":94,"column":0},"end":{"line":94,"column":40}},"94":{"start":{"line":95,"column":0},"end":{"line":95,"column":35}},"95":{"start":{"line":96,"column":0},"end":{"line":96,"column":27}},"96":{"start":{"line":97,"column":0},"end":{"line":97,"column":0}},"97":{"start":{"line":98,"column":0},"end":{"line":98,"column":46}},"98":{"start":{"line":99,"column":0},"end":{"line":99,"column":24}},"99":{"start":{"line":100,"column":0},"end":{"line":100,"column":20}},"100":{"start":{"line":101,"column":0},"end":{"line":101,"column":0}},"101":{"start":{"line":102,"column":0},"end":{"line":102,"column":21}},"102":{"start":{"line":103,"column":0},"end":{"line":103,"column":24}},"103":{"start":{"line":104,"column":0},"end":{"line":104,"column":0}},"104":{"start":{"line":105,"column":0},"end":{"line":105,"column":7}},"105":{"start":{"line":106,"column":0},"end":{"line":106,"column":33}},"106":{"start":{"line":107,"column":0},"end":{"line":107,"column":6}},"107":{"start":{"line":108,"column":0},"end":{"line":108,"column":50}},"108":{"start":{"line":109,"column":0},"end":{"line":109,"column":6}},"109":{"start":{"line":110,"column":0},"end":{"line":110,"column":32}},"110":{"start":{"line":111,"column":0},"end":{"line":111,"column":7}},"111":{"start":{"line":112,"column":0},"end":{"line":112,"column":25}},"112":{"start":{"line":113,"column":0},"end":{"line":113,"column":88}},"113":{"start":{"line":114,"column":0},"end":{"line":114,"column":87}},"114":{"start":{"line":115,"column":0},"end":{"line":115,"column":0}},"115":{"start":{"line":116,"column":0},"end":{"line":116,"column":30}},"116":{"start":{"line":117,"column":0},"end":{"line":117,"column":46}},"117":{"start":{"line":118,"column":0},"end":{"line":118,"column":22}},"118":{"start":{"line":119,"column":0},"end":{"line":119,"column":0}},"119":{"start":{"line":120,"column":0},"end":{"line":120,"column":20}},"120":{"start":{"line":121,"column":0},"end":{"line":121,"column":27}},"121":{"start":{"line":122,"column":0},"end":{"line":122,"column":0}},"122":{"start":{"line":123,"column":0},"end":{"line":123,"column":7}},"123":{"start":{"line":124,"column":0},"end":{"line":124,"column":39}},"124":{"start":{"line":125,"column":0},"end":{"line":125,"column":6}},"125":{"start":{"line":126,"column":0},"end":{"line":126,"column":47}},"126":{"start":{"line":127,"column":0},"end":{"line":127,"column":6}},"127":{"start":{"line":128,"column":0},"end":{"line":128,"column":32}},"128":{"start":{"line":129,"column":0},"end":{"line":129,"column":7}},"129":{"start":{"line":130,"column":0},"end":{"line":130,"column":22}},"130":{"start":{"line":131,"column":0},"end":{"line":131,"column":36}},"131":{"start":{"line":132,"column":0},"end":{"line":132,"column":30}},"132":{"start":{"line":133,"column":0},"end":{"line":133,"column":0}},"133":{"start":{"line":134,"column":0},"end":{"line":134,"column":7}},"134":{"start":{"line":135,"column":0},"end":{"line":135,"column":44}},"135":{"start":{"line":136,"column":0},"end":{"line":136,"column":6}},"136":{"start":{"line":137,"column":0},"end":{"line":137,"column":58}},"137":{"start":{"line":138,"column":0},"end":{"line":138,"column":6}},"138":{"start":{"line":139,"column":0},"end":{"line":139,"column":45}},"139":{"start":{"line":140,"column":0},"end":{"line":140,"column":7}},"140":{"start":{"line":141,"column":0},"end":{"line":141,"column":21}},"141":{"start":{"line":142,"column":0},"end":{"line":142,"column":23}},"142":{"start":{"line":143,"column":0},"end":{"line":143,"column":0}},"143":{"start":{"line":144,"column":0},"end":{"line":144,"column":41}},"144":{"start":{"line":145,"column":0},"end":{"line":145,"column":43}},"145":{"start":{"line":146,"column":0},"end":{"line":146,"column":20}},"146":{"start":{"line":147,"column":0},"end":{"line":147,"column":0}},"147":{"start":{"line":148,"column":0},"end":{"line":148,"column":21}},"148":{"start":{"line":149,"column":0},"end":{"line":149,"column":24}},"149":{"start":{"line":150,"column":0},"end":{"line":150,"column":0}},"150":{"start":{"line":151,"column":0},"end":{"line":151,"column":7}},"151":{"start":{"line":152,"column":0},"end":{"line":152,"column":50}},"152":{"start":{"line":153,"column":0},"end":{"line":153,"column":6}},"153":{"start":{"line":154,"column":0},"end":{"line":154,"column":37}},"154":{"start":{"line":155,"column":0},"end":{"line":155,"column":7}},"155":{"start":{"line":156,"column":0},"end":{"line":156,"column":15}},"156":{"start":{"line":157,"column":0},"end":{"line":157,"column":36}},"157":{"start":{"line":158,"column":0},"end":{"line":158,"column":27}},"158":{"start":{"line":159,"column":0},"end":{"line":159,"column":0}},"159":{"start":{"line":160,"column":0},"end":{"line":160,"column":7}},"160":{"start":{"line":161,"column":0},"end":{"line":161,"column":46}},"161":{"start":{"line":162,"column":0},"end":{"line":162,"column":6}},"162":{"start":{"line":163,"column":0},"end":{"line":163,"column":49}},"163":{"start":{"line":164,"column":0},"end":{"line":164,"column":6}},"164":{"start":{"line":165,"column":0},"end":{"line":165,"column":32}},"165":{"start":{"line":166,"column":0},"end":{"line":166,"column":7}},"166":{"start":{"line":167,"column":0},"end":{"line":167,"column":24}},"167":{"start":{"line":168,"column":0},"end":{"line":168,"column":96}},"168":{"start":{"line":169,"column":0},"end":{"line":169,"column":95}},"169":{"start":{"line":170,"column":0},"end":{"line":170,"column":0}},"170":{"start":{"line":171,"column":0},"end":{"line":171,"column":33}},"171":{"start":{"line":172,"column":0},"end":{"line":172,"column":57}},"172":{"start":{"line":173,"column":0},"end":{"line":173,"column":60}},"173":{"start":{"line":174,"column":0},"end":{"line":174,"column":0}},"174":{"start":{"line":175,"column":0},"end":{"line":175,"column":34}},"175":{"start":{"line":176,"column":0},"end":{"line":176,"column":49}},"176":{"start":{"line":177,"column":0},"end":{"line":177,"column":23}},"177":{"start":{"line":178,"column":0},"end":{"line":178,"column":0}},"178":{"start":{"line":179,"column":0},"end":{"line":179,"column":37}},"179":{"start":{"line":180,"column":0},"end":{"line":180,"column":55}},"180":{"start":{"line":181,"column":0},"end":{"line":181,"column":23}},"181":{"start":{"line":182,"column":0},"end":{"line":182,"column":23}},"182":{"start":{"line":183,"column":0},"end":{"line":183,"column":0}},"183":{"start":{"line":184,"column":0},"end":{"line":184,"column":20}},"184":{"start":{"line":185,"column":0},"end":{"line":185,"column":26}},"185":{"start":{"line":186,"column":0},"end":{"line":186,"column":0}},"186":{"start":{"line":187,"column":0},"end":{"line":187,"column":7}},"187":{"start":{"line":188,"column":0},"end":{"line":188,"column":52}},"188":{"start":{"line":189,"column":0},"end":{"line":189,"column":6}},"189":{"start":{"line":190,"column":0},"end":{"line":190,"column":46}},"190":{"start":{"line":191,"column":0},"end":{"line":191,"column":6}},"191":{"start":{"line":192,"column":0},"end":{"line":192,"column":32}},"192":{"start":{"line":193,"column":0},"end":{"line":193,"column":7}},"193":{"start":{"line":194,"column":0},"end":{"line":194,"column":21}},"194":{"start":{"line":195,"column":0},"end":{"line":195,"column":35}},"195":{"start":{"line":196,"column":0},"end":{"line":196,"column":29}},"196":{"start":{"line":197,"column":0},"end":{"line":197,"column":0}},"197":{"start":{"line":198,"column":0},"end":{"line":198,"column":7}},"198":{"start":{"line":199,"column":0},"end":{"line":199,"column":24}},"199":{"start":{"line":200,"column":0},"end":{"line":200,"column":6}},"200":{"start":{"line":201,"column":0},"end":{"line":201,"column":79}},"201":{"start":{"line":202,"column":0},"end":{"line":202,"column":70}},"202":{"start":{"line":203,"column":0},"end":{"line":203,"column":6}},"203":{"start":{"line":204,"column":0},"end":{"line":204,"column":43}},"204":{"start":{"line":205,"column":0},"end":{"line":205,"column":7}},"205":{"start":{"line":206,"column":0},"end":{"line":206,"column":39}},"206":{"start":{"line":207,"column":0},"end":{"line":207,"column":31}},"207":{"start":{"line":208,"column":0},"end":{"line":208,"column":0}},"208":{"start":{"line":209,"column":0},"end":{"line":209,"column":31}},"209":{"start":{"line":210,"column":0},"end":{"line":210,"column":56}},"210":{"start":{"line":211,"column":0},"end":{"line":211,"column":31}},"211":{"start":{"line":212,"column":0},"end":{"line":212,"column":19}},"212":{"start":{"line":213,"column":0},"end":{"line":213,"column":0}},"213":{"start":{"line":214,"column":0},"end":{"line":214,"column":41}},"214":{"start":{"line":215,"column":0},"end":{"line":215,"column":0}},"215":{"start":{"line":216,"column":0},"end":{"line":216,"column":20}},"216":{"start":{"line":217,"column":0},"end":{"line":217,"column":27}},"217":{"start":{"line":218,"column":0},"end":{"line":218,"column":0}},"218":{"start":{"line":219,"column":0},"end":{"line":219,"column":19}},"219":{"start":{"line":220,"column":0},"end":{"line":220,"column":0}},"220":{"start":{"line":221,"column":0},"end":{"line":221,"column":20}}},"s":{"0":2,"1":2,"2":2,"3":2,"4":2,"5":2,"6":2,"7":2,"8":2,"9":2,"10":2,"11":2,"12":2,"13":2,"14":2,"15":2,"16":2,"17":2,"18":2,"19":2,"20":2,"21":2,"22":2,"23":2,"24":2,"25":2,"26":2,"27":2,"28":2,"29":20,"30":20,"31":20,"32":20,"33":20,"34":20,"35":20,"36":2,"37":2,"38":2,"39":2,"40":2,"41":2,"42":2,"43":2,"44":2,"45":2,"46":3,"47":3,"48":3,"49":3,"50":3,"51":3,"52":2,"53":2,"54":2,"55":2,"56":2,"57":2,"58":2,"59":2,"60":2,"61":2,"62":2,"63":2,"64":2,"65":2,"66":2,"67":2,"68":2,"69":2,"70":2,"71":2,"72":2,"73":2,"74":2,"75":2,"76":2,"77":2,"78":2,"79":2,"80":2,"81":2,"82":2,"83":2,"84":2,"85":2,"86":2,"87":2,"88":2,"89":1,"90":1,"91":1,"92":2,"93":6,"94":3,"95":6,"96":6,"97":6,"98":2,"99":1,"100":1,"101":1,"102":2,"103":2,"104":2,"105":2,"106":2,"107":2,"108":2,"109":2,"110":2,"111":2,"112":4,"113":4,"114":4,"115":4,"116":4,"117":4,"118":2,"119":2,"120":2,"121":2,"122":2,"123":2,"124":2,"125":2,"126":2,"127":2,"128":2,"129":2,"130":1,"131":2,"132":2,"133":2,"134":2,"135":2,"136":2,"137":2,"138":2,"139":2,"140":2,"141":8,"142":8,"143":8,"144":10,"145":8,"146":8,"147":8,"148":2,"149":2,"150":2,"151":2,"152":2,"153":2,"154":2,"155":2,"156":7,"157":2,"158":2,"159":2,"160":2,"161":2,"162":2,"163":2,"164":2,"165":2,"166":2,"167":3,"168":3,"169":3,"170":3,"171":3,"172":3,"173":3,"174":3,"175":3,"176":3,"177":3,"178":3,"179":3,"180":3,"181":3,"182":2,"183":2,"184":2,"185":2,"186":2,"187":2,"188":2,"189":2,"190":2,"191":2,"192":2,"193":2,"194":2,"195":2,"196":2,"197":2,"198":2,"199":2,"200":2,"201":2,"202":2,"203":2,"204":2,"205":2,"206":2,"207":2,"208":2,"209":1,"210":1,"211":2,"212":2,"213":2,"214":2,"215":2,"216":2,"217":2,"218":2,"219":2,"220":2},"branchMap":{"0":{"type":"branch","line":1,"loc":{"start":{"line":1,"column":0},"end":{"line":221,"column":20}},"locations":[{"start":{"line":1,"column":0},"end":{"line":221,"column":20}}]},"1":{"type":"branch","line":29,"loc":{"start":{"line":29,"column":4},"end":{"line":37,"column":5}},"locations":[{"start":{"line":29,"column":4},"end":{"line":37,"column":5}}]},"2":{"type":"branch","line":31,"loc":{"start":{"line":31,"column":27},"end":{"line":31,"column":57}},"locations":[{"start":{"line":31,"column":27},"end":{"line":31,"column":57}}]},"3":{"type":"branch","line":46,"loc":{"start":{"line":46,"column":4},"end":{"line":53,"column":5}},"locations":[{"start":{"line":46,"column":4},"end":{"line":53,"column":5}}]},"4":{"type":"branch","line":48,"loc":{"start":{"line":48,"column":27},"end":{"line":48,"column":57}},"locations":[{"start":{"line":48,"column":27},"end":{"line":48,"column":57}}]},"5":{"type":"branch","line":62,"loc":{"start":{"line":62,"column":4},"end":{"line":64,"column":5}},"locations":[{"start":{"line":62,"column":4},"end":{"line":64,"column":5}}]},"6":{"type":"branch","line":89,"loc":{"start":{"line":89,"column":4},"end":{"line":103,"column":5}},"locations":[{"start":{"line":89,"column":4},"end":{"line":103,"column":5}}]},"7":{"type":"branch","line":92,"loc":{"start":{"line":92,"column":44},"end":{"line":100,"column":9}},"locations":[{"start":{"line":92,"column":44},"end":{"line":100,"column":9}}]},"8":{"type":"branch","line":93,"loc":{"start":{"line":93,"column":50},"end":{"line":99,"column":13}},"locations":[{"start":{"line":93,"column":50},"end":{"line":99,"column":13}}]},"9":{"type":"branch","line":94,"loc":{"start":{"line":94,"column":39},"end":{"line":96,"column":17}},"locations":[{"start":{"line":94,"column":39},"end":{"line":96,"column":17}}]},"10":{"type":"branch","line":112,"loc":{"start":{"line":112,"column":4},"end":{"line":121,"column":5}},"locations":[{"start":{"line":112,"column":4},"end":{"line":121,"column":5}}]},"11":{"type":"branch","line":118,"loc":{"start":{"line":118,"column":9},"end":{"line":121,"column":4}},"locations":[{"start":{"line":118,"column":9},"end":{"line":121,"column":4}}]},"12":{"type":"branch","line":114,"loc":{"start":{"line":114,"column":27},"end":{"line":114,"column":57}},"locations":[{"start":{"line":114,"column":27},"end":{"line":114,"column":57}}]},"13":{"type":"branch","line":130,"loc":{"start":{"line":130,"column":4},"end":{"line":132,"column":5}},"locations":[{"start":{"line":130,"column":4},"end":{"line":132,"column":5}}]},"14":{"type":"branch","line":141,"loc":{"start":{"line":141,"column":4},"end":{"line":149,"column":5}},"locations":[{"start":{"line":141,"column":4},"end":{"line":149,"column":5}}]},"15":{"type":"branch","line":144,"loc":{"start":{"line":144,"column":40},"end":{"line":146,"column":9}},"locations":[{"start":{"line":144,"column":40},"end":{"line":146,"column":9}}]},"16":{"type":"branch","line":156,"loc":{"start":{"line":156,"column":4},"end":{"line":158,"column":5}},"locations":[{"start":{"line":156,"column":4},"end":{"line":158,"column":5}}]},"17":{"type":"branch","line":167,"loc":{"start":{"line":167,"column":4},"end":{"line":185,"column":5}},"locations":[{"start":{"line":167,"column":4},"end":{"line":185,"column":5}}]},"18":{"type":"branch","line":182,"loc":{"start":{"line":182,"column":9},"end":{"line":185,"column":4}},"locations":[{"start":{"line":182,"column":9},"end":{"line":185,"column":4}}]},"19":{"type":"branch","line":169,"loc":{"start":{"line":169,"column":27},"end":{"line":169,"column":57}},"locations":[{"start":{"line":169,"column":27},"end":{"line":169,"column":57}}]},"20":{"type":"branch","line":194,"loc":{"start":{"line":194,"column":4},"end":{"line":196,"column":5}},"locations":[{"start":{"line":194,"column":4},"end":{"line":196,"column":5}}]},"21":{"type":"branch","line":206,"loc":{"start":{"line":206,"column":4},"end":{"line":217,"column":5}},"locations":[{"start":{"line":206,"column":4},"end":{"line":217,"column":5}}]},"22":{"type":"branch","line":209,"loc":{"start":{"line":209,"column":30},"end":{"line":212,"column":9}},"locations":[{"start":{"line":209,"column":30},"end":{"line":212,"column":9}}]}},"b":{"0":[2],"1":[20],"2":[269],"3":[3],"4":[5],"5":[2],"6":[1],"7":[2],"8":[6],"9":[3],"10":[4],"11":[2],"12":[5],"13":[1],"14":[8],"15":[10],"16":[7],"17":[3],"18":[2],"19":[4],"20":[2],"21":[2],"22":[1]},"fnMap":{"0":{"name":"Deck","decl":{"start":{"line":29,"column":4},"end":{"line":37,"column":5}},"loc":{"start":{"line":29,"column":4},"end":{"line":37,"column":5}},"line":29},"1":{"name":"add","decl":{"start":{"line":46,"column":4},"end":{"line":53,"column":5}},"loc":{"start":{"line":46,"column":4},"end":{"line":53,"column":5}},"line":46},"2":{"name":"addOne","decl":{"start":{"line":62,"column":4},"end":{"line":64,"column":5}},"loc":{"start":{"line":62,"column":4},"end":{"line":64,"column":5}},"line":62},"3":{"name":"deal","decl":{"start":{"line":89,"column":4},"end":{"line":103,"column":5}},"loc":{"start":{"line":89,"column":4},"end":{"line":103,"column":5}},"line":89},"4":{"name":"discard","decl":{"start":{"line":112,"column":4},"end":{"line":121,"column":5}},"loc":{"start":{"line":112,"column":4},"end":{"line":121,"column":5}},"line":112},"5":{"name":"discardOne","decl":{"start":{"line":130,"column":4},"end":{"line":132,"column":5}},"loc":{"start":{"line":130,"column":4},"end":{"line":132,"column":5}},"line":130},"6":{"name":"draw","decl":{"start":{"line":141,"column":4},"end":{"line":149,"column":5}},"loc":{"start":{"line":141,"column":4},"end":{"line":149,"column":5}},"line":141},"7":{"name":"drawOne","decl":{"start":{"line":156,"column":4},"end":{"line":158,"column":5}},"loc":{"start":{"line":156,"column":4},"end":{"line":158,"column":5}},"line":156},"8":{"name":"remove","decl":{"start":{"line":167,"column":4},"end":{"line":185,"column":5}},"loc":{"start":{"line":167,"column":4},"end":{"line":185,"column":5}},"line":167},"9":{"name":"removeOne","decl":{"start":{"line":194,"column":4},"end":{"line":196,"column":5}},"loc":{"start":{"line":194,"column":4},"end":{"line":196,"column":5}},"line":194},"10":{"name":"shuffle","decl":{"start":{"line":206,"column":4},"end":{"line":217,"column":5}},"loc":{"start":{"line":206,"column":4},"end":{"line":217,"column":5}},"line":206}},"f":{"0":20,"1":3,"2":2,"3":1,"4":4,"5":1,"6":8,"7":7,"8":3,"9":2,"10":2}}
}
